TN:
SF:src\handler.ts
FN:5,(anonymous_13)
FN:5,(anonymous_14)
FNF:2
FNH:2
FNDA:2,(anonymous_13)
FNDA:2,(anonymous_14)
DA:2,1
DA:3,1
DA:5,2
DA:7,2
DA:11,2
DA:12,1
DA:17,2
DA:18,1
DA:21,1
DA:23,1
DA:25,1
DA:28,1
LF:12
LH:12
BRDA:11,0,0,1
BRDA:12,1,0,1
BRDA:12,1,1,0
BRDA:17,2,0,1
BRF:4
BRH:3
end_of_record
TN:
SF:src\infra\ProductInfra.ts
FN:15,(anonymous_13)
FN:18,(anonymous_15)
FNF:2
FNH:1
FNDA:5,(anonymous_13)
FNDA:0,(anonymous_15)
DA:1,2
DA:15,2
DA:18,2
DA:22,0
DA:28,0
DA:32,0
DA:38,2
LF:7
LH:4
BRF:0
BRH:0
end_of_record
TN:
SF:src\models\TypeMethod.ts
FN:2,(anonymous_0)
FNF:1
FNH:1
FNDA:2,(anonymous_0)
DA:2,2
DA:3,2
DA:4,2
DA:5,2
DA:6,2
LF:5
LH:5
BRDA:2,0,0,2
BRDA:2,0,1,2
BRF:2
BRH:2
end_of_record
TN:
SF:src\services\index.ts
FNF:0
FNH:0
DA:1,2
LF:1
LH:1
BRF:0
BRH:0
end_of_record
TN:
SF:src\services\productService.ts
FN:13,(anonymous_13)
FN:15,(anonymous_15)
FN:41,(anonymous_18)
FNF:3
FNH:3
FNDA:7,(anonymous_13)
FNDA:3,(anonymous_15)
FNDA:2,(anonymous_18)
DA:1,2
DA:2,2
DA:3,2
DA:13,2
DA:15,3
DA:18,3
DA:19,3
DA:21,3
DA:23,3
DA:31,3
DA:32,1
DA:35,2
DA:36,1
DA:39,1
DA:41,2
DA:43,1
DA:50,1
DA:56,2
LF:18
LH:18
BRDA:31,0,0,1
BRDA:35,1,0,1
BRF:2
BRH:2
end_of_record
TN:
SF:src\utils\message.ts
FN:3,(anonymous_0)
FN:8,(anonymous_1)
FN:17,Result
FN:24,(anonymous_3)
FN:36,(anonymous_4)
FN:38,(anonymous_6)
FN:45,(anonymous_7)
FNF:7
FNH:6
FNDA:1,(anonymous_0)
FNDA:1,(anonymous_1)
FNDA:1,Result
FNDA:1,(anonymous_3)
FNDA:1,(anonymous_4)
FNDA:1,(anonymous_6)
FNDA:0,(anonymous_7)
DA:3,1
DA:4,1
DA:5,1
DA:8,1
DA:18,1
DA:19,1
DA:20,1
DA:21,1
DA:24,1
DA:25,1
DA:34,1
DA:36,1
DA:38,1
DA:40,1
DA:42,1
DA:45,1
DA:46,0
DA:48,0
DA:50,1
LF:19
LH:17
BRDA:3,0,0,1
BRDA:3,0,1,1
BRDA:45,1,0,0
BRF:3
BRH:2
end_of_record
